Analysis & Synthesis report for ALU
Sat Aug 24 00:24:38 2024
Quartus Prime Version 20.1.1 Build 720 11/11/2020 SJ Lite Edition


---------------------
; Table of Contents ;
---------------------
  1. Legal Notice
  2. Analysis & Synthesis Summary
  3. Analysis & Synthesis Settings
  4. Parallel Compilation
  5. Analysis & Synthesis Source Files Read
  6. Analysis & Synthesis Resource Usage Summary
  7. Analysis & Synthesis Resource Utilization by Entity
  8. General Register Statistics
  9. Parameter Settings for Inferred Entity Instance: alu:my_alu|lpm_divide:Div0
 10. Parameter Settings for Inferred Entity Instance: alu:my_alu|lpm_divide:Mod0
 11. Port Connectivity Checks: "alu:my_alu|subtractor:sub_unit"
 12. Port Connectivity Checks: "alu:my_alu|adder:add_unit|full_adder:adder_block[0].fa"
 13. Post-Synthesis Netlist Statistics for Top Partition
 14. Elapsed Time Per Partition
 15. Analysis & Synthesis Messages



----------------
; Legal Notice ;
----------------
Copyright (C) 2020  Intel Corporation. All rights reserved.
Your use of Intel Corporation's design tools, logic functions 
and other software and tools, and any partner logic 
functions, and any output files from any of the foregoing 
(including device programming or simulation files), and any 
associated documentation or information are expressly subject 
to the terms and conditions of the Intel Program License 
Subscription Agreement, the Intel Quartus Prime License Agreement,
the Intel FPGA IP License Agreement, or other applicable license
agreement, including, without limitation, that your use is for
the sole purpose of programming logic devices manufactured by
Intel and sold by Intel or its authorized distributors.  Please
refer to the applicable agreement for further details, at
https://fpgasoftware.intel.com/eula.



+-------------------------------------------------------------------------------+
; Analysis & Synthesis Summary                                                  ;
+---------------------------------+---------------------------------------------+
; Analysis & Synthesis Status     ; Successful - Sat Aug 24 00:24:38 2024       ;
; Quartus Prime Version           ; 20.1.1 Build 720 11/11/2020 SJ Lite Edition ;
; Revision Name                   ; ALU                                         ;
; Top-level Entity Name           ; top                                         ;
; Family                          ; Cyclone V                                   ;
; Logic utilization (in ALMs)     ; N/A                                         ;
; Total registers                 ; 0                                           ;
; Total pins                      ; 25                                          ;
; Total virtual pins              ; 0                                           ;
; Total block memory bits         ; 0                                           ;
; Total DSP Blocks                ; 0                                           ;
; Total HSSI RX PCSs              ; 0                                           ;
; Total HSSI PMA RX Deserializers ; 0                                           ;
; Total HSSI TX PCSs              ; 0                                           ;
; Total HSSI PMA TX Serializers   ; 0                                           ;
; Total PLLs                      ; 0                                           ;
; Total DLLs                      ; 0                                           ;
+---------------------------------+---------------------------------------------+


+---------------------------------------------------------------------------------------------------------------------------+
; Analysis & Synthesis Settings                                                                                             ;
+---------------------------------------------------------------------------------+--------------------+--------------------+
; Option                                                                          ; Setting            ; Default Value      ;
+---------------------------------------------------------------------------------+--------------------+--------------------+
; Device                                                                          ; 5CSXFC6D6F31C6     ;                    ;
; Top-level entity name                                                           ; top                ; ALU                ;
; Family name                                                                     ; Cyclone V          ; Cyclone V          ;
; Use smart compilation                                                           ; Off                ; Off                ;
; Enable parallel Assembler and Timing Analyzer during compilation                ; On                 ; On                 ;
; Enable compact report table                                                     ; Off                ; Off                ;
; Restructure Multiplexers                                                        ; Auto               ; Auto               ;
; MLAB Add Timing Constraints For Mixed-Port Feed-Through Mode Setting Don't Care ; Off                ; Off                ;
; Create Debugging Nodes for IP Cores                                             ; Off                ; Off                ;
; Preserve fewer node names                                                       ; On                 ; On                 ;
; Intel FPGA IP Evaluation Mode                                                   ; Enable             ; Enable             ;
; Verilog Version                                                                 ; Verilog_2001       ; Verilog_2001       ;
; VHDL Version                                                                    ; VHDL_1993          ; VHDL_1993          ;
; State Machine Processing                                                        ; Auto               ; Auto               ;
; Safe State Machine                                                              ; Off                ; Off                ;
; Extract Verilog State Machines                                                  ; On                 ; On                 ;
; Extract VHDL State Machines                                                     ; On                 ; On                 ;
; Ignore Verilog initial constructs                                               ; Off                ; Off                ;
; Iteration limit for constant Verilog loops                                      ; 5000               ; 5000               ;
; Iteration limit for non-constant Verilog loops                                  ; 250                ; 250                ;
; Add Pass-Through Logic to Inferred RAMs                                         ; On                 ; On                 ;
; Infer RAMs from Raw Logic                                                       ; On                 ; On                 ;
; Parallel Synthesis                                                              ; On                 ; On                 ;
; DSP Block Balancing                                                             ; Auto               ; Auto               ;
; NOT Gate Push-Back                                                              ; On                 ; On                 ;
; Power-Up Don't Care                                                             ; On                 ; On                 ;
; Remove Redundant Logic Cells                                                    ; Off                ; Off                ;
; Remove Duplicate Registers                                                      ; On                 ; On                 ;
; Ignore CARRY Buffers                                                            ; Off                ; Off                ;
; Ignore CASCADE Buffers                                                          ; Off                ; Off                ;
; Ignore GLOBAL Buffers                                                           ; Off                ; Off                ;
; Ignore ROW GLOBAL Buffers                                                       ; Off                ; Off                ;
; Ignore LCELL Buffers                                                            ; Off                ; Off                ;
; Ignore SOFT Buffers                                                             ; On                 ; On                 ;
; Limit AHDL Integers to 32 Bits                                                  ; Off                ; Off                ;
; Optimization Technique                                                          ; Balanced           ; Balanced           ;
; Carry Chain Length                                                              ; 70                 ; 70                 ;
; Auto Carry Chains                                                               ; On                 ; On                 ;
; Auto Open-Drain Pins                                                            ; On                 ; On                 ;
; Perform WYSIWYG Primitive Resynthesis                                           ; Off                ; Off                ;
; Auto ROM Replacement                                                            ; On                 ; On                 ;
; Auto RAM Replacement                                                            ; On                 ; On                 ;
; Auto DSP Block Replacement                                                      ; On                 ; On                 ;
; Auto Shift Register Replacement                                                 ; Auto               ; Auto               ;
; Allow Shift Register Merging across Hierarchies                                 ; Auto               ; Auto               ;
; Auto Clock Enable Replacement                                                   ; On                 ; On                 ;
; Strict RAM Replacement                                                          ; Off                ; Off                ;
; Allow Synchronous Control Signals                                               ; On                 ; On                 ;
; Force Use of Synchronous Clear Signals                                          ; Off                ; Off                ;
; Auto Resource Sharing                                                           ; Off                ; Off                ;
; Allow Any RAM Size For Recognition                                              ; Off                ; Off                ;
; Allow Any ROM Size For Recognition                                              ; Off                ; Off                ;
; Allow Any Shift Register Size For Recognition                                   ; Off                ; Off                ;
; Use LogicLock Constraints during Resource Balancing                             ; On                 ; On                 ;
; Ignore translate_off and synthesis_off directives                               ; Off                ; Off                ;
; Timing-Driven Synthesis                                                         ; On                 ; On                 ;
; Report Parameter Settings                                                       ; On                 ; On                 ;
; Report Source Assignments                                                       ; On                 ; On                 ;
; Report Connectivity Checks                                                      ; On                 ; On                 ;
; Ignore Maximum Fan-Out Assignments                                              ; Off                ; Off                ;
; Synchronization Register Chain Length                                           ; 3                  ; 3                  ;
; Power Optimization During Synthesis                                             ; Normal compilation ; Normal compilation ;
; HDL message level                                                               ; Level2             ; Level2             ;
; Suppress Register Optimization Related Messages                                 ; Off                ; Off                ;
; Number of Removed Registers Reported in Synthesis Report                        ; 5000               ; 5000               ;
; Number of Swept Nodes Reported in Synthesis Report                              ; 5000               ; 5000               ;
; Number of Inverted Registers Reported in Synthesis Report                       ; 100                ; 100                ;
; Clock MUX Protection                                                            ; On                 ; On                 ;
; Auto Gated Clock Conversion                                                     ; Off                ; Off                ;
; Block Design Naming                                                             ; Auto               ; Auto               ;
; SDC constraint protection                                                       ; Off                ; Off                ;
; Synthesis Effort                                                                ; Auto               ; Auto               ;
; Shift Register Replacement - Allow Asynchronous Clear Signal                    ; On                 ; On                 ;
; Pre-Mapping Resynthesis Optimization                                            ; Off                ; Off                ;
; Analysis & Synthesis Message Level                                              ; Medium             ; Medium             ;
; Disable Register Merging Across Hierarchies                                     ; Auto               ; Auto               ;
; Resource Aware Inference For Block RAM                                          ; On                 ; On                 ;
; Automatic Parallel Synthesis                                                    ; On                 ; On                 ;
; Partial Reconfiguration Bitstream ID                                            ; Off                ; Off                ;
+---------------------------------------------------------------------------------+--------------------+--------------------+


+------------------------------------------+
; Parallel Compilation                     ;
+----------------------------+-------------+
; Processors                 ; Number      ;
+----------------------------+-------------+
; Number detected on machine ; 4           ;
; Maximum allowed            ; 2           ;
;                            ;             ;
; Average used               ; 1.00        ;
; Maximum used               ; 1           ;
;                            ;             ;
; Usage by Processor         ; % Time Used ;
;     Processor 1            ; 100.0%      ;
+----------------------------+-------------+


+--------------------------------------------------------------------------------------------------------------------------------------------------------------------------+
; Analysis & Synthesis Source Files Read                                                                                                                                   ;
+----------------------------------+-----------------+------------------------------+----------------------------------------------------------------------------+---------+
; File Name with User-Entered Path ; Used in Netlist ; File Type                    ; File Name with Absolute Path                                               ; Library ;
+----------------------------------+-----------------+------------------------------+----------------------------------------------------------------------------+---------+
; alu.sv                           ; yes             ; User SystemVerilog HDL File  ; C:/Users/tenor/OneDrive/Escritorio/ALU-final/alu.sv                        ;         ;
; adder.sv                         ; yes             ; User SystemVerilog HDL File  ; C:/Users/tenor/OneDrive/Escritorio/ALU-final/adder.sv                      ;         ;
; multiplier.sv                    ; yes             ; User SystemVerilog HDL File  ; C:/Users/tenor/OneDrive/Escritorio/ALU-final/multiplier.sv                 ;         ;
; substractor.sv                   ; yes             ; User SystemVerilog HDL File  ; C:/Users/tenor/OneDrive/Escritorio/ALU-final/substractor.sv                ;         ;
; full_adder.sv                    ; yes             ; User SystemVerilog HDL File  ; C:/Users/tenor/OneDrive/Escritorio/ALU-final/full_adder.sv                 ;         ;
; top.sv                           ; yes             ; User SystemVerilog HDL File  ; C:/Users/tenor/OneDrive/Escritorio/ALU-final/top.sv                        ;         ;
; bin_to_7seg.sv                   ; yes             ; User SystemVerilog HDL File  ; C:/Users/tenor/OneDrive/Escritorio/ALU-final/bin_to_7seg.sv                ;         ;
; operation_selector.sv            ; yes             ; User SystemVerilog HDL File  ; C:/Users/tenor/OneDrive/Escritorio/ALU-final/operation_selector.sv         ;         ;
; lpm_divide.tdf                   ; yes             ; Megafunction                 ; c:/intelfpga_lite/20.1/quartus/libraries/megafunctions/lpm_divide.tdf      ;         ;
; abs_divider.inc                  ; yes             ; Megafunction                 ; c:/intelfpga_lite/20.1/quartus/libraries/megafunctions/abs_divider.inc     ;         ;
; sign_div_unsign.inc              ; yes             ; Megafunction                 ; c:/intelfpga_lite/20.1/quartus/libraries/megafunctions/sign_div_unsign.inc ;         ;
; aglobal201.inc                   ; yes             ; Megafunction                 ; c:/intelfpga_lite/20.1/quartus/libraries/megafunctions/aglobal201.inc      ;         ;
; db/lpm_divide_1am.tdf            ; yes             ; Auto-Generated Megafunction  ; C:/Users/tenor/OneDrive/Escritorio/ALU-final/db/lpm_divide_1am.tdf         ;         ;
; db/sign_div_unsign_7kh.tdf       ; yes             ; Auto-Generated Megafunction  ; C:/Users/tenor/OneDrive/Escritorio/ALU-final/db/sign_div_unsign_7kh.tdf    ;         ;
; db/alt_u_div_kse.tdf             ; yes             ; Auto-Generated Megafunction  ; C:/Users/tenor/OneDrive/Escritorio/ALU-final/db/alt_u_div_kse.tdf          ;         ;
; db/lpm_divide_42m.tdf            ; yes             ; Auto-Generated Megafunction  ; C:/Users/tenor/OneDrive/Escritorio/ALU-final/db/lpm_divide_42m.tdf         ;         ;
+----------------------------------+-----------------+------------------------------+----------------------------------------------------------------------------+---------+


+-----------------------------------------------------------+
; Analysis & Synthesis Resource Usage Summary               ;
+---------------------------------------------+-------------+
; Resource                                    ; Usage       ;
+---------------------------------------------+-------------+
; Estimate of Logic utilization (ALMs needed) ; 61          ;
;                                             ;             ;
; Combinational ALUT usage for logic          ; 102         ;
;     -- 7 input functions                    ; 4           ;
;     -- 6 input functions                    ; 16          ;
;     -- 5 input functions                    ; 21          ;
;     -- 4 input functions                    ; 29          ;
;     -- <=3 input functions                  ; 32          ;
;                                             ;             ;
; Dedicated logic registers                   ; 0           ;
;                                             ;             ;
; I/O pins                                    ; 25          ;
;                                             ;             ;
; Total DSP Blocks                            ; 0           ;
;                                             ;             ;
; Maximum fan-out node                        ; sw[7]~input ;
; Maximum fan-out                             ; 26          ;
; Total fan-out                               ; 454         ;
; Average fan-out                             ; 2.99        ;
+---------------------------------------------+-------------+


+------------------------------------------------------------------------------------------------------------------------------------------------------------------------------------------------------------------------------------------------------------------------------------------------------------+
; Analysis & Synthesis Resource Utilization by Entity                                                                                                                                                                                                                                                        ;
+--------------------------------------------+---------------------+---------------------------+-------------------+------------+------+--------------+-----------------------------------------------------------------------------------------------------------------+---------------------+--------------+
; Compilation Hierarchy Node                 ; Combinational ALUTs ; Dedicated Logic Registers ; Block Memory Bits ; DSP Blocks ; Pins ; Virtual Pins ; Full Hierarchy Name                                                                                             ; Entity Name         ; Library Name ;
+--------------------------------------------+---------------------+---------------------------+-------------------+------------+------+--------------+-----------------------------------------------------------------------------------------------------------------+---------------------+--------------+
; |top                                       ; 102 (0)             ; 0 (0)                     ; 0                 ; 0          ; 25   ; 0            ; |top                                                                                                            ; top                 ; work         ;
;    |alu:my_alu|                            ; 91 (29)             ; 0 (0)                     ; 0                 ; 0          ; 0    ; 0            ; |top|alu:my_alu                                                                                                 ; alu                 ; work         ;
;       |adder:add_unit|                     ; 5 (0)               ; 0 (0)                     ; 0                 ; 0          ; 0    ; 0            ; |top|alu:my_alu|adder:add_unit                                                                                  ; adder               ; work         ;
;          |full_adder:adder_block[0].fa|    ; 2 (2)               ; 0 (0)                     ; 0                 ; 0          ; 0    ; 0            ; |top|alu:my_alu|adder:add_unit|full_adder:adder_block[0].fa                                                     ; full_adder          ; work         ;
;          |full_adder:adder_block[2].fa|    ; 1 (1)               ; 0 (0)                     ; 0                 ; 0          ; 0    ; 0            ; |top|alu:my_alu|adder:add_unit|full_adder:adder_block[2].fa                                                     ; full_adder          ; work         ;
;          |full_adder:adder_block[3].fa|    ; 2 (2)               ; 0 (0)                     ; 0                 ; 0          ; 0    ; 0            ; |top|alu:my_alu|adder:add_unit|full_adder:adder_block[3].fa                                                     ; full_adder          ; work         ;
;       |lpm_divide:Div0|                    ; 22 (0)              ; 0 (0)                     ; 0                 ; 0          ; 0    ; 0            ; |top|alu:my_alu|lpm_divide:Div0                                                                                 ; lpm_divide          ; work         ;
;          |lpm_divide_1am:auto_generated|   ; 22 (0)              ; 0 (0)                     ; 0                 ; 0          ; 0    ; 0            ; |top|alu:my_alu|lpm_divide:Div0|lpm_divide_1am:auto_generated                                                   ; lpm_divide_1am      ; work         ;
;             |sign_div_unsign_7kh:divider|  ; 22 (0)              ; 0 (0)                     ; 0                 ; 0          ; 0    ; 0            ; |top|alu:my_alu|lpm_divide:Div0|lpm_divide_1am:auto_generated|sign_div_unsign_7kh:divider                       ; sign_div_unsign_7kh ; work         ;
;                |alt_u_div_kse:divider|     ; 22 (22)             ; 0 (0)                     ; 0                 ; 0          ; 0    ; 0            ; |top|alu:my_alu|lpm_divide:Div0|lpm_divide_1am:auto_generated|sign_div_unsign_7kh:divider|alt_u_div_kse:divider ; alt_u_div_kse       ; work         ;
;       |lpm_divide:Mod0|                    ; 26 (0)              ; 0 (0)                     ; 0                 ; 0          ; 0    ; 0            ; |top|alu:my_alu|lpm_divide:Mod0                                                                                 ; lpm_divide          ; work         ;
;          |lpm_divide_42m:auto_generated|   ; 26 (0)              ; 0 (0)                     ; 0                 ; 0          ; 0    ; 0            ; |top|alu:my_alu|lpm_divide:Mod0|lpm_divide_42m:auto_generated                                                   ; lpm_divide_42m      ; work         ;
;             |sign_div_unsign_7kh:divider|  ; 26 (0)              ; 0 (0)                     ; 0                 ; 0          ; 0    ; 0            ; |top|alu:my_alu|lpm_divide:Mod0|lpm_divide_42m:auto_generated|sign_div_unsign_7kh:divider                       ; sign_div_unsign_7kh ; work         ;
;                |alt_u_div_kse:divider|     ; 26 (26)             ; 0 (0)                     ; 0                 ; 0          ; 0    ; 0            ; |top|alu:my_alu|lpm_divide:Mod0|lpm_divide_42m:auto_generated|sign_div_unsign_7kh:divider|alt_u_div_kse:divider ; alt_u_div_kse       ; work         ;
;       |multiplier:mul_unit|                ; 5 (5)               ; 0 (0)                     ; 0                 ; 0          ; 0    ; 0            ; |top|alu:my_alu|multiplier:mul_unit                                                                             ; multiplier          ; work         ;
;       |subtractor:sub_unit|                ; 4 (0)               ; 0 (0)                     ; 0                 ; 0          ; 0    ; 0            ; |top|alu:my_alu|subtractor:sub_unit                                                                             ; subtractor          ; work         ;
;          |adder:add|                       ; 4 (0)               ; 0 (0)                     ; 0                 ; 0          ; 0    ; 0            ; |top|alu:my_alu|subtractor:sub_unit|adder:add                                                                   ; adder               ; work         ;
;             |full_adder:adder_block[0].fa| ; 1 (1)               ; 0 (0)                     ; 0                 ; 0          ; 0    ; 0            ; |top|alu:my_alu|subtractor:sub_unit|adder:add|full_adder:adder_block[0].fa                                      ; full_adder          ; work         ;
;             |full_adder:adder_block[2].fa| ; 2 (2)               ; 0 (0)                     ; 0                 ; 0          ; 0    ; 0            ; |top|alu:my_alu|subtractor:sub_unit|adder:add|full_adder:adder_block[2].fa                                      ; full_adder          ; work         ;
;             |full_adder:adder_block[3].fa| ; 1 (1)               ; 0 (0)                     ; 0                 ; 0          ; 0    ; 0            ; |top|alu:my_alu|subtractor:sub_unit|adder:add|full_adder:adder_block[3].fa                                      ; full_adder          ; work         ;
;    |bin_to_7seg:result_to_7seg|            ; 7 (7)               ; 0 (0)                     ; 0                 ; 0          ; 0    ; 0            ; |top|bin_to_7seg:result_to_7seg                                                                                 ; bin_to_7seg         ; work         ;
;    |operation_selector:op_selector|        ; 4 (4)               ; 0 (0)                     ; 0                 ; 0          ; 0    ; 0            ; |top|operation_selector:op_selector                                                                             ; operation_selector  ; work         ;
+--------------------------------------------+---------------------+---------------------------+-------------------+------------+------+--------------+-----------------------------------------------------------------------------------------------------------------+---------------------+--------------+
Note: For table entries with two numbers listed, the numbers in parentheses indicate the number of resources of the given type used by the specific entity alone. The numbers listed outside of parentheses indicate the total resources of the given type used by the specific entity and all of its sub-entities in the hierarchy.


+------------------------------------------------------+
; General Register Statistics                          ;
+----------------------------------------------+-------+
; Statistic                                    ; Value ;
+----------------------------------------------+-------+
; Total registers                              ; 0     ;
; Number of registers using Synchronous Clear  ; 0     ;
; Number of registers using Synchronous Load   ; 0     ;
; Number of registers using Asynchronous Clear ; 0     ;
; Number of registers using Asynchronous Load  ; 0     ;
; Number of registers using Clock Enable       ; 0     ;
; Number of registers using Preset             ; 0     ;
+----------------------------------------------+-------+


+-----------------------------------------------------------------------------+
; Parameter Settings for Inferred Entity Instance: alu:my_alu|lpm_divide:Div0 ;
+------------------------+----------------+-----------------------------------+
; Parameter Name         ; Value          ; Type                              ;
+------------------------+----------------+-----------------------------------+
; LPM_WIDTHN             ; 4              ; Untyped                           ;
; LPM_WIDTHD             ; 4              ; Untyped                           ;
; LPM_NREPRESENTATION    ; UNSIGNED       ; Untyped                           ;
; LPM_DREPRESENTATION    ; UNSIGNED       ; Untyped                           ;
; LPM_PIPELINE           ; 0              ; Untyped                           ;
; LPM_REMAINDERPOSITIVE  ; TRUE           ; Untyped                           ;
; MAXIMIZE_SPEED         ; 5              ; Untyped                           ;
; CBXI_PARAMETER         ; lpm_divide_1am ; Untyped                           ;
; CARRY_CHAIN            ; MANUAL         ; Untyped                           ;
; OPTIMIZE_FOR_SPEED     ; 5              ; Untyped                           ;
; AUTO_CARRY_CHAINS      ; ON             ; AUTO_CARRY                        ;
; IGNORE_CARRY_BUFFERS   ; OFF            ; IGNORE_CARRY                      ;
; AUTO_CASCADE_CHAINS    ; ON             ; AUTO_CASCADE                      ;
; IGNORE_CASCADE_BUFFERS ; OFF            ; IGNORE_CASCADE                    ;
+------------------------+----------------+-----------------------------------+
Note: In order to hide this table in the UI and the text report file, please set the "Show Parameter Settings in Synthesis Report" option in "Analysis and Synthesis Settings -> More Settings" to "Off".


+-----------------------------------------------------------------------------+
; Parameter Settings for Inferred Entity Instance: alu:my_alu|lpm_divide:Mod0 ;
+------------------------+----------------+-----------------------------------+
; Parameter Name         ; Value          ; Type                              ;
+------------------------+----------------+-----------------------------------+
; LPM_WIDTHN             ; 4              ; Untyped                           ;
; LPM_WIDTHD             ; 4              ; Untyped                           ;
; LPM_NREPRESENTATION    ; UNSIGNED       ; Untyped                           ;
; LPM_DREPRESENTATION    ; UNSIGNED       ; Untyped                           ;
; LPM_PIPELINE           ; 0              ; Untyped                           ;
; LPM_REMAINDERPOSITIVE  ; TRUE           ; Untyped                           ;
; MAXIMIZE_SPEED         ; 5              ; Untyped                           ;
; CBXI_PARAMETER         ; lpm_divide_42m ; Untyped                           ;
; CARRY_CHAIN            ; MANUAL         ; Untyped                           ;
; OPTIMIZE_FOR_SPEED     ; 5              ; Untyped                           ;
; AUTO_CARRY_CHAINS      ; ON             ; AUTO_CARRY                        ;
; IGNORE_CARRY_BUFFERS   ; OFF            ; IGNORE_CARRY                      ;
; AUTO_CASCADE_CHAINS    ; ON             ; AUTO_CASCADE                      ;
; IGNORE_CASCADE_BUFFERS ; OFF            ; IGNORE_CASCADE                    ;
+------------------------+----------------+-----------------------------------+
Note: In order to hide this table in the UI and the text report file, please set the "Show Parameter Settings in Synthesis Report" option in "Analysis and Synthesis Settings -> More Settings" to "Off".


+------------------------------------------------------------+
; Port Connectivity Checks: "alu:my_alu|subtractor:sub_unit" ;
+--------+--------+----------+-------------------------------+
; Port   ; Type   ; Severity ; Details                       ;
+--------+--------+----------+-------------------------------+
; borrow ; Output ; Info     ; Explicitly unconnected        ;
+--------+--------+----------+-------------------------------+


+------------------------------------------------------------------------------------+
; Port Connectivity Checks: "alu:my_alu|adder:add_unit|full_adder:adder_block[0].fa" ;
+------+-------+----------+----------------------------------------------------------+
; Port ; Type  ; Severity ; Details                                                  ;
+------+-------+----------+----------------------------------------------------------+
; cin  ; Input ; Info     ; Stuck at GND                                             ;
+------+-------+----------+----------------------------------------------------------+


+-----------------------------------------------------+
; Post-Synthesis Netlist Statistics for Top Partition ;
+-----------------------+-----------------------------+
; Type                  ; Count                       ;
+-----------------------+-----------------------------+
; arriav_lcell_comb     ; 104                         ;
;     arith             ; 12                          ;
;         0 data inputs ; 4                           ;
;         2 data inputs ; 2                           ;
;         5 data inputs ; 6                           ;
;     extend            ; 4                           ;
;         7 data inputs ; 4                           ;
;     normal            ; 70                          ;
;         1 data inputs ; 2                           ;
;         2 data inputs ; 7                           ;
;         3 data inputs ; 7                           ;
;         4 data inputs ; 23                          ;
;         5 data inputs ; 15                          ;
;         6 data inputs ; 16                          ;
;     shared            ; 18                          ;
;         0 data inputs ; 6                           ;
;         2 data inputs ; 6                           ;
;         4 data inputs ; 6                           ;
; boundary_port         ; 25                          ;
;                       ;                             ;
; Max LUT depth         ; 12.50                       ;
; Average LUT depth     ; 9.45                        ;
+-----------------------+-----------------------------+


+-------------------------------+
; Elapsed Time Per Partition    ;
+----------------+--------------+
; Partition Name ; Elapsed Time ;
+----------------+--------------+
; Top            ; 00:00:00     ;
+----------------+--------------+


+-------------------------------+
; Analysis & Synthesis Messages ;
+-------------------------------+
Info: *******************************************************************
Info: Running Quartus Prime Analysis & Synthesis
    Info: Version 20.1.1 Build 720 11/11/2020 SJ Lite Edition
    Info: Processing started: Sat Aug 24 00:24:28 2024
Info: Command: quartus_map --read_settings_files=on --write_settings_files=off ALU -c ALU
Warning (18236): Number of processors has not been specified which may cause overloading on shared machines.  Set the global assignment NUM_PARALLEL_PROCESSORS in your QSF to an appropriate value for best performance.
Info (20030): Parallel compilation is enabled and will use 2 of the 2 processors detected
Info (12021): Found 1 design units, including 1 entities, in source file alu.sv
    Info (12023): Found entity 1: alu File: C:/Users/tenor/OneDrive/Escritorio/ALU-final/alu.sv Line: 1
Info (12021): Found 1 design units, including 1 entities, in source file adder.sv
    Info (12023): Found entity 1: adder File: C:/Users/tenor/OneDrive/Escritorio/ALU-final/adder.sv Line: 1
Info (12021): Found 1 design units, including 1 entities, in source file multiplier.sv
    Info (12023): Found entity 1: multiplier File: C:/Users/tenor/OneDrive/Escritorio/ALU-final/multiplier.sv Line: 1
Info (12021): Found 1 design units, including 1 entities, in source file alu_tb.sv
    Info (12023): Found entity 1: alu_tb File: C:/Users/tenor/OneDrive/Escritorio/ALU-final/alu_tb.sv Line: 1
Info (12021): Found 1 design units, including 1 entities, in source file substractor.sv
    Info (12023): Found entity 1: subtractor File: C:/Users/tenor/OneDrive/Escritorio/ALU-final/substractor.sv Line: 1
Info (12021): Found 1 design units, including 1 entities, in source file full_adder.sv
    Info (12023): Found entity 1: full_adder File: C:/Users/tenor/OneDrive/Escritorio/ALU-final/full_adder.sv Line: 1
Info (12021): Found 1 design units, including 1 entities, in source file top.sv
    Info (12023): Found entity 1: top File: C:/Users/tenor/OneDrive/Escritorio/ALU-final/top.sv Line: 1
Info (12021): Found 1 design units, including 1 entities, in source file bin_to_7seg.sv
    Info (12023): Found entity 1: bin_to_7seg File: C:/Users/tenor/OneDrive/Escritorio/ALU-final/bin_to_7seg.sv Line: 1
Info (12021): Found 1 design units, including 1 entities, in source file operation_selector.sv
    Info (12023): Found entity 1: operation_selector File: C:/Users/tenor/OneDrive/Escritorio/ALU-final/operation_selector.sv Line: 1
Info (12127): Elaborating entity "top" for the top level hierarchy
Info (12128): Elaborating entity "operation_selector" for hierarchy "operation_selector:op_selector" File: C:/Users/tenor/OneDrive/Escritorio/ALU-final/top.sv Line: 19
Info (12128): Elaborating entity "alu" for hierarchy "alu:my_alu" File: C:/Users/tenor/OneDrive/Escritorio/ALU-final/top.sv Line: 31
Info (12128): Elaborating entity "adder" for hierarchy "alu:my_alu|adder:add_unit" File: C:/Users/tenor/OneDrive/Escritorio/ALU-final/alu.sv Line: 19
Info (12128): Elaborating entity "full_adder" for hierarchy "alu:my_alu|adder:add_unit|full_adder:adder_block[0].fa" File: C:/Users/tenor/OneDrive/Escritorio/ALU-final/adder.sv Line: 22
Info (12128): Elaborating entity "subtractor" for hierarchy "alu:my_alu|subtractor:sub_unit" File: C:/Users/tenor/OneDrive/Escritorio/ALU-final/alu.sv Line: 27
Warning (10230): Verilog HDL assignment warning at substractor.sv(11): truncated value with size 32 to match size of target (4) File: C:/Users/tenor/OneDrive/Escritorio/ALU-final/substractor.sv Line: 11
Info (12128): Elaborating entity "multiplier" for hierarchy "alu:my_alu|multiplier:mul_unit" File: C:/Users/tenor/OneDrive/Escritorio/ALU-final/alu.sv Line: 33
Info (12128): Elaborating entity "bin_to_7seg" for hierarchy "bin_to_7seg:result_to_7seg" File: C:/Users/tenor/OneDrive/Escritorio/ALU-final/top.sv Line: 37
Info (278001): Inferred 2 megafunctions from design logic
    Info (278004): Inferred divider/modulo megafunction ("lpm_divide") from the following logic: "alu:my_alu|Div0" File: C:/Users/tenor/OneDrive/Escritorio/ALU-final/alu.sv Line: 43
    Info (278004): Inferred divider/modulo megafunction ("lpm_divide") from the following logic: "alu:my_alu|Mod0" File: C:/Users/tenor/OneDrive/Escritorio/ALU-final/alu.sv Line: 44
Info (12130): Elaborated megafunction instantiation "alu:my_alu|lpm_divide:Div0" File: C:/Users/tenor/OneDrive/Escritorio/ALU-final/alu.sv Line: 43
Info (12133): Instantiated megafunction "alu:my_alu|lpm_divide:Div0" with the following parameter: File: C:/Users/tenor/OneDrive/Escritorio/ALU-final/alu.sv Line: 43
    Info (12134): Parameter "LPM_WIDTHN" = "4"
    Info (12134): Parameter "LPM_WIDTHD" = "4"
    Info (12134): Parameter "LPM_NREPRESENTATION" = "UNSIGNED"
    Info (12134): Parameter "LPM_DREPRESENTATION" = "UNSIGNED"
Info (12021): Found 1 design units, including 1 entities, in source file db/lpm_divide_1am.tdf
    Info (12023): Found entity 1: lpm_divide_1am File: C:/Users/tenor/OneDrive/Escritorio/ALU-final/db/lpm_divide_1am.tdf Line: 25
Info (12021): Found 1 design units, including 1 entities, in source file db/sign_div_unsign_7kh.tdf
    Info (12023): Found entity 1: sign_div_unsign_7kh File: C:/Users/tenor/OneDrive/Escritorio/ALU-final/db/sign_div_unsign_7kh.tdf Line: 25
Info (12021): Found 1 design units, including 1 entities, in source file db/alt_u_div_kse.tdf
    Info (12023): Found entity 1: alt_u_div_kse File: C:/Users/tenor/OneDrive/Escritorio/ALU-final/db/alt_u_div_kse.tdf Line: 23
Info (12130): Elaborated megafunction instantiation "alu:my_alu|lpm_divide:Mod0" File: C:/Users/tenor/OneDrive/Escritorio/ALU-final/alu.sv Line: 44
Info (12133): Instantiated megafunction "alu:my_alu|lpm_divide:Mod0" with the following parameter: File: C:/Users/tenor/OneDrive/Escritorio/ALU-final/alu.sv Line: 44
    Info (12134): Parameter "LPM_WIDTHN" = "4"
    Info (12134): Parameter "LPM_WIDTHD" = "4"
    Info (12134): Parameter "LPM_NREPRESENTATION" = "UNSIGNED"
    Info (12134): Parameter "LPM_DREPRESENTATION" = "UNSIGNED"
Info (12021): Found 1 design units, including 1 entities, in source file db/lpm_divide_42m.tdf
    Info (12023): Found entity 1: lpm_divide_42m File: C:/Users/tenor/OneDrive/Escritorio/ALU-final/db/lpm_divide_42m.tdf Line: 25
Info (286030): Timing-Driven Synthesis is running
Info (16010): Generating hard_block partition "hard_block:auto_generated_inst"
    Info (16011): Adding 0 node(s), including 0 DDIO, 0 PLL, 0 transceiver and 0 LCELL
Warning (21074): Design contains 2 input pin(s) that do not drive logic
    Warning (15610): No output dependent on input pin "sw[8]" File: C:/Users/tenor/OneDrive/Escritorio/ALU-final/top.sv Line: 2
    Warning (15610): No output dependent on input pin "sw[9]" File: C:/Users/tenor/OneDrive/Escritorio/ALU-final/top.sv Line: 2
Info (21057): Implemented 127 device resources after synthesis - the final resource count might be different
    Info (21058): Implemented 14 input pins
    Info (21059): Implemented 11 output pins
    Info (21061): Implemented 102 logic cells
Info: Quartus Prime Analysis & Synthesis was successful. 0 errors, 5 warnings
    Info: Peak virtual memory: 4805 megabytes
    Info: Processing ended: Sat Aug 24 00:24:38 2024
    Info: Elapsed time: 00:00:10
    Info: Total CPU time (on all processors): 00:00:15


