Analysis & Elaboration report for ALU_TDD
Wed Aug 21 15:10:58 2024
Quartus Prime Version 20.1.1 Build 720 11/11/2020 SJ Lite Edition


---------------------
; Table of Contents ;
---------------------
  1. Legal Notice
  2. Analysis & Elaboration Summary
  3. Parallel Compilation
  4. Parameter Settings for User Entity Instance: Top-level Entity: |ALU
  5. Parameter Settings for User Entity Instance: alu:alu1
  6. Parameter Settings for User Entity Instance: alu:alu1|SUMA_op:g1
  7. Parameter Settings for User Entity Instance: alu:alu1|RESTA_op:g2
  8. Parameter Settings for User Entity Instance: alu:alu1|RESTA_op:g2|complement:comp_A
  9. Parameter Settings for User Entity Instance: alu:alu1|RESTA_op:g2|complement:comp_B
 10. Parameter Settings for User Entity Instance: alu:alu1|RESTA_op:g2|SUMA_op:adder
 11. Parameter Settings for User Entity Instance: alu:alu1|AND_op:g3
 12. Parameter Settings for User Entity Instance: alu:alu1|OR_op:g4
 13. Parameter Settings for User Entity Instance: alu:alu1|NOT_op:g5
 14. Parameter Settings for User Entity Instance: alu:alu1|NOT_op:g6
 15. Parameter Settings for User Entity Instance: alu:alu1|XOR_op:g7
 16. Parameter Settings for User Entity Instance: alu:alu1|AShiftLeft:g8
 17. Parameter Settings for User Entity Instance: alu:alu1|AShiftRight:g9
 18. Parameter Settings for User Entity Instance: alu:alu1|LShiftLeft:g10
 19. Parameter Settings for User Entity Instance: alu:alu1|LShiftRight:g11
 20. Parameter Settings for User Entity Instance: alu:alu1|MULTIPLICACION_op:g15
 21. Parameter Settings for User Entity Instance: alu:alu1|DIVISION_op:g16
 22. Parameter Settings for User Entity Instance: alu:alu1|mux4:g12
 23. Parameter Settings for User Entity Instance: alu:alu1|flags:g13
 24. Parameter Settings for User Entity Instance: alu:alu1|sieteSeg:g14
 25. Analysis & Elaboration Settings
 26. Port Connectivity Checks: "alu:alu1|flags:g13"
 27. Port Connectivity Checks: "alu:alu1|DIVISION_op:g16"
 28. Port Connectivity Checks: "alu:alu1|RESTA_op:g2|SUMA_op:adder"
 29. Port Connectivity Checks: "alu:alu1|RESTA_op:g2|complement:comp_B"
 30. Port Connectivity Checks: "alu:alu1|RESTA_op:g2|complement:comp_A"
 31. Port Connectivity Checks: "alu:alu1|SUMA_op:g1|sumador_completo:FA2"
 32. Port Connectivity Checks: "alu:alu1|SUMA_op:g1|sumador_completo:FA1"
 33. Port Connectivity Checks: "alu:alu1|SUMA_op:g1|sumador_completo:FA0"
 34. Analysis & Elaboration Messages



----------------
; Legal Notice ;
----------------
Copyright (C) 2020  Intel Corporation. All rights reserved.
Your use of Intel Corporation's design tools, logic functions 
and other software and tools, and any partner logic 
functions, and any output files from any of the foregoing 
(including device programming or simulation files), and any 
associated documentation or information are expressly subject 
to the terms and conditions of the Intel Program License 
Subscription Agreement, the Intel Quartus Prime License Agreement,
the Intel FPGA IP License Agreement, or other applicable license
agreement, including, without limitation, that your use is for
the sole purpose of programming logic devices manufactured by
Intel and sold by Intel or its authorized distributors.  Please
refer to the applicable agreement for further details, at
https://fpgasoftware.intel.com/eula.



+-----------------------------------------------------------------------------+
; Analysis & Elaboration Summary                                              ;
+-------------------------------+---------------------------------------------+
; Analysis & Elaboration Status ; Successful - Wed Aug 21 15:10:58 2024       ;
; Quartus Prime Version         ; 20.1.1 Build 720 11/11/2020 SJ Lite Edition ;
; Revision Name                 ; ALU_TDD                                     ;
; Top-level Entity Name         ; ALU                                         ;
; Family                        ; Cyclone V                                   ;
; Logic utilization (in ALMs)   ; N/A until Partition Merge                   ;
; Total registers               ; N/A until Partition Merge                   ;
; Total pins                    ; N/A until Partition Merge                   ;
; Total virtual pins            ; N/A until Partition Merge                   ;
; Total block memory bits       ; N/A until Partition Merge                   ;
; Total PLLs                    ; N/A until Partition Merge                   ;
; Total DLLs                    ; N/A until Partition Merge                   ;
+-------------------------------+---------------------------------------------+


+------------------------------------------+
; Parallel Compilation                     ;
+----------------------------+-------------+
; Processors                 ; Number      ;
+----------------------------+-------------+
; Number detected on machine ; 4           ;
; Maximum allowed            ; 2           ;
;                            ;             ;
; Average used               ; 1.00        ;
; Maximum used               ; 1           ;
;                            ;             ;
; Usage by Processor         ; % Time Used ;
;     Processor 1            ; 100.0%      ;
+----------------------------+-------------+


+---------------------------------------------------------------------+
; Parameter Settings for User Entity Instance: Top-level Entity: |ALU ;
+----------------+-------+--------------------------------------------+
; Parameter Name ; Value ; Type                                       ;
+----------------+-------+--------------------------------------------+
; N              ; 4     ; Signed Integer                             ;
+----------------+-------+--------------------------------------------+
Note: In order to hide this table in the UI and the text report file, please set the "Show Parameter Settings in Synthesis Report" option in "Analysis and Synthesis Settings -> More Settings" to "Off".


+-------------------------------------------------------+
; Parameter Settings for User Entity Instance: alu:alu1 ;
+----------------+-------+------------------------------+
; Parameter Name ; Value ; Type                         ;
+----------------+-------+------------------------------+
; N              ; 4     ; Signed Integer               ;
+----------------+-------+------------------------------+
Note: In order to hide this table in the UI and the text report file, please set the "Show Parameter Settings in Synthesis Report" option in "Analysis and Synthesis Settings -> More Settings" to "Off".


+------------------------------------------------------------------+
; Parameter Settings for User Entity Instance: alu:alu1|SUMA_op:g1 ;
+----------------+-------+-----------------------------------------+
; Parameter Name ; Value ; Type                                    ;
+----------------+-------+-----------------------------------------+
; N              ; 4     ; Signed Integer                          ;
+----------------+-------+-----------------------------------------+
Note: In order to hide this table in the UI and the text report file, please set the "Show Parameter Settings in Synthesis Report" option in "Analysis and Synthesis Settings -> More Settings" to "Off".


+-------------------------------------------------------------------+
; Parameter Settings for User Entity Instance: alu:alu1|RESTA_op:g2 ;
+----------------+-------+------------------------------------------+
; Parameter Name ; Value ; Type                                     ;
+----------------+-------+------------------------------------------+
; N              ; 4     ; Signed Integer                           ;
+----------------+-------+------------------------------------------+
Note: In order to hide this table in the UI and the text report file, please set the "Show Parameter Settings in Synthesis Report" option in "Analysis and Synthesis Settings -> More Settings" to "Off".


+-------------------------------------------------------------------------------------+
; Parameter Settings for User Entity Instance: alu:alu1|RESTA_op:g2|complement:comp_A ;
+----------------+-------+------------------------------------------------------------+
; Parameter Name ; Value ; Type                                                       ;
+----------------+-------+------------------------------------------------------------+
; N              ; 4     ; Signed Integer                                             ;
+----------------+-------+------------------------------------------------------------+
Note: In order to hide this table in the UI and the text report file, please set the "Show Parameter Settings in Synthesis Report" option in "Analysis and Synthesis Settings -> More Settings" to "Off".


+-------------------------------------------------------------------------------------+
; Parameter Settings for User Entity Instance: alu:alu1|RESTA_op:g2|complement:comp_B ;
+----------------+-------+------------------------------------------------------------+
; Parameter Name ; Value ; Type                                                       ;
+----------------+-------+------------------------------------------------------------+
; N              ; 4     ; Signed Integer                                             ;
+----------------+-------+------------------------------------------------------------+
Note: In order to hide this table in the UI and the text report file, please set the "Show Parameter Settings in Synthesis Report" option in "Analysis and Synthesis Settings -> More Settings" to "Off".


+---------------------------------------------------------------------------------+
; Parameter Settings for User Entity Instance: alu:alu1|RESTA_op:g2|SUMA_op:adder ;
+----------------+-------+--------------------------------------------------------+
; Parameter Name ; Value ; Type                                                   ;
+----------------+-------+--------------------------------------------------------+
; N              ; 4     ; Signed Integer                                         ;
+----------------+-------+--------------------------------------------------------+
Note: In order to hide this table in the UI and the text report file, please set the "Show Parameter Settings in Synthesis Report" option in "Analysis and Synthesis Settings -> More Settings" to "Off".


+-----------------------------------------------------------------+
; Parameter Settings for User Entity Instance: alu:alu1|AND_op:g3 ;
+----------------+-------+----------------------------------------+
; Parameter Name ; Value ; Type                                   ;
+----------------+-------+----------------------------------------+
; N              ; 4     ; Signed Integer                         ;
+----------------+-------+----------------------------------------+
Note: In order to hide this table in the UI and the text report file, please set the "Show Parameter Settings in Synthesis Report" option in "Analysis and Synthesis Settings -> More Settings" to "Off".


+----------------------------------------------------------------+
; Parameter Settings for User Entity Instance: alu:alu1|OR_op:g4 ;
+----------------+-------+---------------------------------------+
; Parameter Name ; Value ; Type                                  ;
+----------------+-------+---------------------------------------+
; N              ; 4     ; Signed Integer                        ;
+----------------+-------+---------------------------------------+
Note: In order to hide this table in the UI and the text report file, please set the "Show Parameter Settings in Synthesis Report" option in "Analysis and Synthesis Settings -> More Settings" to "Off".


+-----------------------------------------------------------------+
; Parameter Settings for User Entity Instance: alu:alu1|NOT_op:g5 ;
+----------------+-------+----------------------------------------+
; Parameter Name ; Value ; Type                                   ;
+----------------+-------+----------------------------------------+
; N              ; 4     ; Signed Integer                         ;
+----------------+-------+----------------------------------------+
Note: In order to hide this table in the UI and the text report file, please set the "Show Parameter Settings in Synthesis Report" option in "Analysis and Synthesis Settings -> More Settings" to "Off".


+-----------------------------------------------------------------+
; Parameter Settings for User Entity Instance: alu:alu1|NOT_op:g6 ;
+----------------+-------+----------------------------------------+
; Parameter Name ; Value ; Type                                   ;
+----------------+-------+----------------------------------------+
; N              ; 4     ; Signed Integer                         ;
+----------------+-------+----------------------------------------+
Note: In order to hide this table in the UI and the text report file, please set the "Show Parameter Settings in Synthesis Report" option in "Analysis and Synthesis Settings -> More Settings" to "Off".


+-----------------------------------------------------------------+
; Parameter Settings for User Entity Instance: alu:alu1|XOR_op:g7 ;
+----------------+-------+----------------------------------------+
; Parameter Name ; Value ; Type                                   ;
+----------------+-------+----------------------------------------+
; N              ; 4     ; Signed Integer                         ;
+----------------+-------+----------------------------------------+
Note: In order to hide this table in the UI and the text report file, please set the "Show Parameter Settings in Synthesis Report" option in "Analysis and Synthesis Settings -> More Settings" to "Off".


+---------------------------------------------------------------------+
; Parameter Settings for User Entity Instance: alu:alu1|AShiftLeft:g8 ;
+----------------+-------+--------------------------------------------+
; Parameter Name ; Value ; Type                                       ;
+----------------+-------+--------------------------------------------+
; N              ; 4     ; Signed Integer                             ;
+----------------+-------+--------------------------------------------+
Note: In order to hide this table in the UI and the text report file, please set the "Show Parameter Settings in Synthesis Report" option in "Analysis and Synthesis Settings -> More Settings" to "Off".


+----------------------------------------------------------------------+
; Parameter Settings for User Entity Instance: alu:alu1|AShiftRight:g9 ;
+----------------+-------+---------------------------------------------+
; Parameter Name ; Value ; Type                                        ;
+----------------+-------+---------------------------------------------+
; N              ; 4     ; Signed Integer                              ;
+----------------+-------+---------------------------------------------+
Note: In order to hide this table in the UI and the text report file, please set the "Show Parameter Settings in Synthesis Report" option in "Analysis and Synthesis Settings -> More Settings" to "Off".


+----------------------------------------------------------------------+
; Parameter Settings for User Entity Instance: alu:alu1|LShiftLeft:g10 ;
+----------------+-------+---------------------------------------------+
; Parameter Name ; Value ; Type                                        ;
+----------------+-------+---------------------------------------------+
; N              ; 4     ; Signed Integer                              ;
+----------------+-------+---------------------------------------------+
Note: In order to hide this table in the UI and the text report file, please set the "Show Parameter Settings in Synthesis Report" option in "Analysis and Synthesis Settings -> More Settings" to "Off".


+-----------------------------------------------------------------------+
; Parameter Settings for User Entity Instance: alu:alu1|LShiftRight:g11 ;
+----------------+-------+----------------------------------------------+
; Parameter Name ; Value ; Type                                         ;
+----------------+-------+----------------------------------------------+
; N              ; 4     ; Signed Integer                               ;
+----------------+-------+----------------------------------------------+
Note: In order to hide this table in the UI and the text report file, please set the "Show Parameter Settings in Synthesis Report" option in "Analysis and Synthesis Settings -> More Settings" to "Off".


+-----------------------------------------------------------------------------+
; Parameter Settings for User Entity Instance: alu:alu1|MULTIPLICACION_op:g15 ;
+----------------+-------+----------------------------------------------------+
; Parameter Name ; Value ; Type                                               ;
+----------------+-------+----------------------------------------------------+
; N              ; 4     ; Signed Integer                                     ;
+----------------+-------+----------------------------------------------------+
Note: In order to hide this table in the UI and the text report file, please set the "Show Parameter Settings in Synthesis Report" option in "Analysis and Synthesis Settings -> More Settings" to "Off".


+-----------------------------------------------------------------------+
; Parameter Settings for User Entity Instance: alu:alu1|DIVISION_op:g16 ;
+----------------+-------+----------------------------------------------+
; Parameter Name ; Value ; Type                                         ;
+----------------+-------+----------------------------------------------+
; N              ; 4     ; Signed Integer                               ;
+----------------+-------+----------------------------------------------+
Note: In order to hide this table in the UI and the text report file, please set the "Show Parameter Settings in Synthesis Report" option in "Analysis and Synthesis Settings -> More Settings" to "Off".


+----------------------------------------------------------------+
; Parameter Settings for User Entity Instance: alu:alu1|mux4:g12 ;
+----------------+-------+---------------------------------------+
; Parameter Name ; Value ; Type                                  ;
+----------------+-------+---------------------------------------+
; N              ; 4     ; Signed Integer                        ;
+----------------+-------+---------------------------------------+
Note: In order to hide this table in the UI and the text report file, please set the "Show Parameter Settings in Synthesis Report" option in "Analysis and Synthesis Settings -> More Settings" to "Off".


+-----------------------------------------------------------------+
; Parameter Settings for User Entity Instance: alu:alu1|flags:g13 ;
+----------------+-------+----------------------------------------+
; Parameter Name ; Value ; Type                                   ;
+----------------+-------+----------------------------------------+
; N              ; 4     ; Signed Integer                         ;
+----------------+-------+----------------------------------------+
Note: In order to hide this table in the UI and the text report file, please set the "Show Parameter Settings in Synthesis Report" option in "Analysis and Synthesis Settings -> More Settings" to "Off".


+--------------------------------------------------------------------+
; Parameter Settings for User Entity Instance: alu:alu1|sieteSeg:g14 ;
+----------------+-------+-------------------------------------------+
; Parameter Name ; Value ; Type                                      ;
+----------------+-------+-------------------------------------------+
; N              ; 4     ; Signed Integer                            ;
+----------------+-------+-------------------------------------------+
Note: In order to hide this table in the UI and the text report file, please set the "Show Parameter Settings in Synthesis Report" option in "Analysis and Synthesis Settings -> More Settings" to "Off".


+---------------------------------------------------------------------------------------------------------------------------+
; Analysis & Elaboration Settings                                                                                           ;
+---------------------------------------------------------------------------------+--------------------+--------------------+
; Option                                                                          ; Setting            ; Default Value      ;
+---------------------------------------------------------------------------------+--------------------+--------------------+
; Device                                                                          ; 5CSXFC6D6F31C6     ;                    ;
; Top-level entity name                                                           ; ALU                ; ALU_TDD            ;
; Family name                                                                     ; Cyclone V          ; Cyclone V          ;
; Use smart compilation                                                           ; Off                ; Off                ;
; Enable parallel Assembler and Timing Analyzer during compilation                ; On                 ; On                 ;
; Enable compact report table                                                     ; Off                ; Off                ;
; Restructure Multiplexers                                                        ; Auto               ; Auto               ;
; MLAB Add Timing Constraints For Mixed-Port Feed-Through Mode Setting Don't Care ; Off                ; Off                ;
; Create Debugging Nodes for IP Cores                                             ; Off                ; Off                ;
; Preserve fewer node names                                                       ; On                 ; On                 ;
; Intel FPGA IP Evaluation Mode                                                   ; Enable             ; Enable             ;
; Verilog Version                                                                 ; Verilog_2001       ; Verilog_2001       ;
; VHDL Version                                                                    ; VHDL_1993          ; VHDL_1993          ;
; State Machine Processing                                                        ; Auto               ; Auto               ;
; Safe State Machine                                                              ; Off                ; Off                ;
; Extract Verilog State Machines                                                  ; On                 ; On                 ;
; Extract VHDL State Machines                                                     ; On                 ; On                 ;
; Ignore Verilog initial constructs                                               ; Off                ; Off                ;
; Iteration limit for constant Verilog loops                                      ; 5000               ; 5000               ;
; Iteration limit for non-constant Verilog loops                                  ; 250                ; 250                ;
; Add Pass-Through Logic to Inferred RAMs                                         ; On                 ; On                 ;
; Infer RAMs from Raw Logic                                                       ; On                 ; On                 ;
; Parallel Synthesis                                                              ; On                 ; On                 ;
; DSP Block Balancing                                                             ; Auto               ; Auto               ;
; NOT Gate Push-Back                                                              ; On                 ; On                 ;
; Power-Up Don't Care                                                             ; On                 ; On                 ;
; Remove Redundant Logic Cells                                                    ; Off                ; Off                ;
; Remove Duplicate Registers                                                      ; On                 ; On                 ;
; Ignore CARRY Buffers                                                            ; Off                ; Off                ;
; Ignore CASCADE Buffers                                                          ; Off                ; Off                ;
; Ignore GLOBAL Buffers                                                           ; Off                ; Off                ;
; Ignore ROW GLOBAL Buffers                                                       ; Off                ; Off                ;
; Ignore LCELL Buffers                                                            ; Off                ; Off                ;
; Ignore SOFT Buffers                                                             ; On                 ; On                 ;
; Limit AHDL Integers to 32 Bits                                                  ; Off                ; Off                ;
; Optimization Technique                                                          ; Balanced           ; Balanced           ;
; Carry Chain Length                                                              ; 70                 ; 70                 ;
; Auto Carry Chains                                                               ; On                 ; On                 ;
; Auto Open-Drain Pins                                                            ; On                 ; On                 ;
; Perform WYSIWYG Primitive Resynthesis                                           ; Off                ; Off                ;
; Auto ROM Replacement                                                            ; On                 ; On                 ;
; Auto RAM Replacement                                                            ; On                 ; On                 ;
; Auto DSP Block Replacement                                                      ; On                 ; On                 ;
; Auto Shift Register Replacement                                                 ; Auto               ; Auto               ;
; Allow Shift Register Merging across Hierarchies                                 ; Auto               ; Auto               ;
; Auto Clock Enable Replacement                                                   ; On                 ; On                 ;
; Strict RAM Replacement                                                          ; Off                ; Off                ;
; Allow Synchronous Control Signals                                               ; On                 ; On                 ;
; Force Use of Synchronous Clear Signals                                          ; Off                ; Off                ;
; Auto Resource Sharing                                                           ; Off                ; Off                ;
; Allow Any RAM Size For Recognition                                              ; Off                ; Off                ;
; Allow Any ROM Size For Recognition                                              ; Off                ; Off                ;
; Allow Any Shift Register Size For Recognition                                   ; Off                ; Off                ;
; Use LogicLock Constraints during Resource Balancing                             ; On                 ; On                 ;
; Ignore translate_off and synthesis_off directives                               ; Off                ; Off                ;
; Timing-Driven Synthesis                                                         ; On                 ; On                 ;
; Report Parameter Settings                                                       ; On                 ; On                 ;
; Report Source Assignments                                                       ; On                 ; On                 ;
; Report Connectivity Checks                                                      ; On                 ; On                 ;
; Ignore Maximum Fan-Out Assignments                                              ; Off                ; Off                ;
; Synchronization Register Chain Length                                           ; 3                  ; 3                  ;
; Power Optimization During Synthesis                                             ; Normal compilation ; Normal compilation ;
; HDL message level                                                               ; Level2             ; Level2             ;
; Suppress Register Optimization Related Messages                                 ; Off                ; Off                ;
; Number of Removed Registers Reported in Synthesis Report                        ; 5000               ; 5000               ;
; Number of Swept Nodes Reported in Synthesis Report                              ; 5000               ; 5000               ;
; Number of Inverted Registers Reported in Synthesis Report                       ; 100                ; 100                ;
; Clock MUX Protection                                                            ; On                 ; On                 ;
; Auto Gated Clock Conversion                                                     ; Off                ; Off                ;
; Block Design Naming                                                             ; Auto               ; Auto               ;
; SDC constraint protection                                                       ; Off                ; Off                ;
; Synthesis Effort                                                                ; Auto               ; Auto               ;
; Shift Register Replacement - Allow Asynchronous Clear Signal                    ; On                 ; On                 ;
; Pre-Mapping Resynthesis Optimization                                            ; Off                ; Off                ;
; Analysis & Synthesis Message Level                                              ; Medium             ; Medium             ;
; Disable Register Merging Across Hierarchies                                     ; Auto               ; Auto               ;
; Resource Aware Inference For Block RAM                                          ; On                 ; On                 ;
; Automatic Parallel Synthesis                                                    ; On                 ; On                 ;
; Partial Reconfiguration Bitstream ID                                            ; Off                ; Off                ;
+---------------------------------------------------------------------------------+--------------------+--------------------+


+-----------------------------------------------------------------------------------------------------------------------------------------------------------------------------------------------------------------+
; Port Connectivity Checks: "alu:alu1|flags:g13"                                                                                                                                                                  ;
+---------+-------+----------+------------------------------------------------------------------------------------------------------------------------------------------------------------------------------------+
; Port    ; Type  ; Severity ; Details                                                                                                                                                                            ;
+---------+-------+----------+------------------------------------------------------------------------------------------------------------------------------------------------------------------------------------+
; inFlagC ; Input ; Warning  ; Input port expression (4 bits) is wider than the input port (3 bits) it drives.  The 1 most-significant bit(s) in the expression will be dangling if they have no other fanouts.   ;
; inFlagV ; Input ; Warning  ; Input port expression (4 bits) is wider than the input port (3 bits) it drives.  The 1 most-significant bit(s) in the expression will be dangling if they have no other fanouts.   ;
; inFlagZ ; Input ; Warning  ; Input port expression (13 bits) is wider than the input port (12 bits) it drives.  The 1 most-significant bit(s) in the expression will be dangling if they have no other fanouts. ;
+---------+-------+----------+------------------------------------------------------------------------------------------------------------------------------------------------------------------------------------+


+-----------------------------------------------------------------------------------------------------------------+
; Port Connectivity Checks: "alu:alu1|DIVISION_op:g16"                                                            ;
+-------+--------+----------+-------------------------------------------------------------------------------------+
; Port  ; Type   ; Severity ; Details                                                                             ;
+-------+--------+----------+-------------------------------------------------------------------------------------+
; flagC ; Output ; Info     ; Connected to dangling logic. Logic that only feeds a dangling port will be removed. ;
; flagV ; Output ; Info     ; Connected to dangling logic. Logic that only feeds a dangling port will be removed. ;
; flagZ ; Output ; Info     ; Connected to dangling logic. Logic that only feeds a dangling port will be removed. ;
+-------+--------+----------+-------------------------------------------------------------------------------------+


+--------------------------------------------------------------------------------------------------------------------------------------+
; Port Connectivity Checks: "alu:alu1|RESTA_op:g2|SUMA_op:adder"                                                                       ;
+-------+--------+----------+----------------------------------------------------------------------------------------------------------+
; Port  ; Type   ; Severity ; Details                                                                                                  ;
+-------+--------+----------+----------------------------------------------------------------------------------------------------------+
; flagV ; Output ; Warning  ; Declared by entity but not connected by instance. Logic that only feeds a dangling port will be removed. ;
; flagZ ; Output ; Warning  ; Declared by entity but not connected by instance. Logic that only feeds a dangling port will be removed. ;
+-------+--------+----------+----------------------------------------------------------------------------------------------------------+


+----------------------------------------------------------------------------------------------------------------------------------------------------------------------+
; Port Connectivity Checks: "alu:alu1|RESTA_op:g2|complement:comp_B"                                                                                                   ;
+------+-------+----------+--------------------------------------------------------------------------------------------------------------------------------------------+
; Port ; Type  ; Severity ; Details                                                                                                                                    ;
+------+-------+----------+--------------------------------------------------------------------------------------------------------------------------------------------+
; in   ; Input ; Warning  ; Input port expression (1 bits) is smaller than the input port (4 bits) it drives.  Extra input bit(s) "in[3..1]" will be connected to GND. ;
+------+-------+----------+--------------------------------------------------------------------------------------------------------------------------------------------+


+----------------------------------------------------------------------------------------------------------------------------------------------------------------------+
; Port Connectivity Checks: "alu:alu1|RESTA_op:g2|complement:comp_A"                                                                                                   ;
+------+-------+----------+--------------------------------------------------------------------------------------------------------------------------------------------+
; Port ; Type  ; Severity ; Details                                                                                                                                    ;
+------+-------+----------+--------------------------------------------------------------------------------------------------------------------------------------------+
; in   ; Input ; Warning  ; Input port expression (1 bits) is smaller than the input port (4 bits) it drives.  Extra input bit(s) "in[3..1]" will be connected to GND. ;
+------+-------+----------+--------------------------------------------------------------------------------------------------------------------------------------------+


+----------------------------------------------------------------------------------------------------------------+
; Port Connectivity Checks: "alu:alu1|SUMA_op:g1|sumador_completo:FA2"                                           ;
+------+--------+----------+-------------------------------------------------------------------------------------+
; Port ; Type   ; Severity ; Details                                                                             ;
+------+--------+----------+-------------------------------------------------------------------------------------+
; Cout ; Output ; Info     ; Connected to dangling logic. Logic that only feeds a dangling port will be removed. ;
+------+--------+----------+-------------------------------------------------------------------------------------+


+----------------------------------------------------------------------------------------------------------------+
; Port Connectivity Checks: "alu:alu1|SUMA_op:g1|sumador_completo:FA1"                                           ;
+------+--------+----------+-------------------------------------------------------------------------------------+
; Port ; Type   ; Severity ; Details                                                                             ;
+------+--------+----------+-------------------------------------------------------------------------------------+
; Cout ; Output ; Info     ; Connected to dangling logic. Logic that only feeds a dangling port will be removed. ;
+------+--------+----------+-------------------------------------------------------------------------------------+


+----------------------------------------------------------------------------------------------------------------+
; Port Connectivity Checks: "alu:alu1|SUMA_op:g1|sumador_completo:FA0"                                           ;
+------+--------+----------+-------------------------------------------------------------------------------------+
; Port ; Type   ; Severity ; Details                                                                             ;
+------+--------+----------+-------------------------------------------------------------------------------------+
; Cin  ; Input  ; Info     ; Stuck at GND                                                                        ;
; Cout ; Output ; Info     ; Connected to dangling logic. Logic that only feeds a dangling port will be removed. ;
+------+--------+----------+-------------------------------------------------------------------------------------+


+---------------------------------+
; Analysis & Elaboration Messages ;
+---------------------------------+
Info: *******************************************************************
Info: Running Quartus Prime Analysis & Elaboration
    Info: Version 20.1.1 Build 720 11/11/2020 SJ Lite Edition
    Info: Processing started: Wed Aug 21 15:10:49 2024
Info: Command: quartus_map --read_settings_files=on --write_settings_files=off ALU_TDD -c ALU_TDD --analysis_and_elaboration
Warning (18236): Number of processors has not been specified which may cause overloading on shared machines.  Set the global assignment NUM_PARALLEL_PROCESSORS in your QSF to an appropriate value for best performance.
Info (20030): Parallel compilation is enabled and will use 2 of the 2 processors detected
Info (12021): Found 1 design units, including 1 entities, in source file alu_top.sv
    Info (12023): Found entity 1: ALU File: C:/Users/tenor/OneDrive/Documentos/Lab1_TDD/jtenorio_aflores_klobo_digital_design_lab_2024/Laboratorio_2/TDD_P1/ALU_top.sv Line: 4
Info (12021): Found 1 design units, including 1 entities, in source file alu_aux.sv
    Info (12023): Found entity 1: alu File: C:/Users/tenor/OneDrive/Documentos/Lab1_TDD/jtenorio_aflores_klobo_digital_design_lab_2024/Laboratorio_2/TDD_P1/ALU_aux.sv Line: 4
Info (12021): Found 1 design units, including 1 entities, in source file alu_tb.sv
    Info (12023): Found entity 1: ALU_tb File: C:/Users/tenor/OneDrive/Documentos/Lab1_TDD/jtenorio_aflores_klobo_digital_design_lab_2024/Laboratorio_2/TDD_P1/ALU_tb.sv Line: 3
Info (12021): Found 1 design units, including 1 entities, in source file compuertaor.sv
    Info (12023): Found entity 1: OR_op File: C:/Users/tenor/OneDrive/Documentos/Lab1_TDD/jtenorio_aflores_klobo_digital_design_lab_2024/Laboratorio_2/TDD_P1/CompuertaOR.sv Line: 3
Info (12021): Found 1 design units, including 1 entities, in source file compuertanot.sv
    Info (12023): Found entity 1: NOT_op File: C:/Users/tenor/OneDrive/Documentos/Lab1_TDD/jtenorio_aflores_klobo_digital_design_lab_2024/Laboratorio_2/TDD_P1/CompuertaNOT.sv Line: 3
Info (12021): Found 1 design units, including 1 entities, in source file compuertaxor.sv
    Info (12023): Found entity 1: XOR_op File: C:/Users/tenor/OneDrive/Documentos/Lab1_TDD/jtenorio_aflores_klobo_digital_design_lab_2024/Laboratorio_2/TDD_P1/CompuertaXOR.sv Line: 3
Info (12021): Found 1 design units, including 1 entities, in source file flags.sv
    Info (12023): Found entity 1: flags File: C:/Users/tenor/OneDrive/Documentos/Lab1_TDD/jtenorio_aflores_klobo_digital_design_lab_2024/Laboratorio_2/TDD_P1/flags.sv Line: 8
Info (12021): Found 1 design units, including 1 entities, in source file mux.sv
    Info (12023): Found entity 1: mux4 File: C:/Users/tenor/OneDrive/Documentos/Lab1_TDD/jtenorio_aflores_klobo_digital_design_lab_2024/Laboratorio_2/TDD_P1/MUX.sv Line: 5
Info (12021): Found 2 design units, including 2 entities, in source file suma.sv
    Info (12023): Found entity 1: sumador_completo File: C:/Users/tenor/OneDrive/Documentos/Lab1_TDD/jtenorio_aflores_klobo_digital_design_lab_2024/Laboratorio_2/TDD_P1/Suma.sv Line: 4
    Info (12023): Found entity 2: SUMA_op File: C:/Users/tenor/OneDrive/Documentos/Lab1_TDD/jtenorio_aflores_klobo_digital_design_lab_2024/Laboratorio_2/TDD_P1/Suma.sv Line: 14
Info (12021): Found 2 design units, including 2 entities, in source file resta.sv
    Info (12023): Found entity 1: complement File: C:/Users/tenor/OneDrive/Documentos/Lab1_TDD/jtenorio_aflores_klobo_digital_design_lab_2024/Laboratorio_2/TDD_P1/Resta.sv Line: 4
    Info (12023): Found entity 2: RESTA_op File: C:/Users/tenor/OneDrive/Documentos/Lab1_TDD/jtenorio_aflores_klobo_digital_design_lab_2024/Laboratorio_2/TDD_P1/Resta.sv Line: 14
Info (12021): Found 1 design units, including 1 entities, in source file complement2.sv
    Info (12023): Found entity 1: complement2 File: C:/Users/tenor/OneDrive/Documentos/Lab1_TDD/jtenorio_aflores_klobo_digital_design_lab_2024/Laboratorio_2/TDD_P1/Complement2.sv Line: 4
Info (12021): Found 1 design units, including 1 entities, in source file multiplicacion.sv
    Info (12023): Found entity 1: MULTIPLICACION_op File: C:/Users/tenor/OneDrive/Documentos/Lab1_TDD/jtenorio_aflores_klobo_digital_design_lab_2024/Laboratorio_2/TDD_P1/Multiplicacion.sv Line: 5
Info (12021): Found 1 design units, including 1 entities, in source file division.sv
    Info (12023): Found entity 1: DIVISION_op File: C:/Users/tenor/OneDrive/Documentos/Lab1_TDD/jtenorio_aflores_klobo_digital_design_lab_2024/Laboratorio_2/TDD_P1/Division.sv Line: 4
Info (12021): Found 1 design units, including 1 entities, in source file ashiftleft.sv
    Info (12023): Found entity 1: AShiftLeft File: C:/Users/tenor/OneDrive/Documentos/Lab1_TDD/jtenorio_aflores_klobo_digital_design_lab_2024/Laboratorio_2/TDD_P1/AshiftLeft.sv Line: 4
Info (12021): Found 1 design units, including 1 entities, in source file lshiftleft.sv
    Info (12023): Found entity 1: LShiftLeft File: C:/Users/tenor/OneDrive/Documentos/Lab1_TDD/jtenorio_aflores_klobo_digital_design_lab_2024/Laboratorio_2/TDD_P1/LshiftLeft.sv Line: 4
Info (12021): Found 1 design units, including 1 entities, in source file ashiftright.sv
    Info (12023): Found entity 1: AShiftRight File: C:/Users/tenor/OneDrive/Documentos/Lab1_TDD/jtenorio_aflores_klobo_digital_design_lab_2024/Laboratorio_2/TDD_P1/AshiftRight.sv Line: 4
Info (12021): Found 1 design units, including 1 entities, in source file lshiftright.sv
    Info (12023): Found entity 1: LShiftRight File: C:/Users/tenor/OneDrive/Documentos/Lab1_TDD/jtenorio_aflores_klobo_digital_design_lab_2024/Laboratorio_2/TDD_P1/LshiftRight.sv Line: 4
Info (12021): Found 1 design units, including 1 entities, in source file 7segments.sv
    Info (12023): Found entity 1: sieteSeg File: C:/Users/tenor/OneDrive/Documentos/Lab1_TDD/jtenorio_aflores_klobo_digital_design_lab_2024/Laboratorio_2/TDD_P1/7segments.sv Line: 4
Info (12021): Found 1 design units, including 1 entities, in source file compuertaand.sv
    Info (12023): Found entity 1: AND_op File: C:/Users/tenor/OneDrive/Documentos/Lab1_TDD/jtenorio_aflores_klobo_digital_design_lab_2024/Laboratorio_2/TDD_P1/CompuertaAND.sv Line: 4
Warning (10236): Verilog HDL Implicit Net warning at Resta.sv(26): created implicit net for "A" File: C:/Users/tenor/OneDrive/Documentos/Lab1_TDD/jtenorio_aflores_klobo_digital_design_lab_2024/Laboratorio_2/TDD_P1/Resta.sv Line: 26
Warning (10236): Verilog HDL Implicit Net warning at Resta.sv(27): created implicit net for "B" File: C:/Users/tenor/OneDrive/Documentos/Lab1_TDD/jtenorio_aflores_klobo_digital_design_lab_2024/Laboratorio_2/TDD_P1/Resta.sv Line: 27
Info (12127): Elaborating entity "ALU" for the top level hierarchy
Info (12128): Elaborating entity "alu" for hierarchy "alu:alu1" File: C:/Users/tenor/OneDrive/Documentos/Lab1_TDD/jtenorio_aflores_klobo_digital_design_lab_2024/Laboratorio_2/TDD_P1/ALU_top.sv Line: 21
Info (12128): Elaborating entity "SUMA_op" for hierarchy "alu:alu1|SUMA_op:g1" File: C:/Users/tenor/OneDrive/Documentos/Lab1_TDD/jtenorio_aflores_klobo_digital_design_lab_2024/Laboratorio_2/TDD_P1/ALU_aux.sv Line: 44
Info (12128): Elaborating entity "sumador_completo" for hierarchy "alu:alu1|SUMA_op:g1|sumador_completo:FA0" File: C:/Users/tenor/OneDrive/Documentos/Lab1_TDD/jtenorio_aflores_klobo_digital_design_lab_2024/Laboratorio_2/TDD_P1/Suma.sv Line: 27
Info (12128): Elaborating entity "RESTA_op" for hierarchy "alu:alu1|RESTA_op:g2" File: C:/Users/tenor/OneDrive/Documentos/Lab1_TDD/jtenorio_aflores_klobo_digital_design_lab_2024/Laboratorio_2/TDD_P1/ALU_aux.sv Line: 54
Info (12128): Elaborating entity "complement" for hierarchy "alu:alu1|RESTA_op:g2|complement:comp_A" File: C:/Users/tenor/OneDrive/Documentos/Lab1_TDD/jtenorio_aflores_klobo_digital_design_lab_2024/Laboratorio_2/TDD_P1/Resta.sv Line: 26
Info (12128): Elaborating entity "AND_op" for hierarchy "alu:alu1|AND_op:g3" File: C:/Users/tenor/OneDrive/Documentos/Lab1_TDD/jtenorio_aflores_klobo_digital_design_lab_2024/Laboratorio_2/TDD_P1/ALU_aux.sv Line: 61
Info (12128): Elaborating entity "OR_op" for hierarchy "alu:alu1|OR_op:g4" File: C:/Users/tenor/OneDrive/Documentos/Lab1_TDD/jtenorio_aflores_klobo_digital_design_lab_2024/Laboratorio_2/TDD_P1/ALU_aux.sv Line: 68
Info (12128): Elaborating entity "NOT_op" for hierarchy "alu:alu1|NOT_op:g5" File: C:/Users/tenor/OneDrive/Documentos/Lab1_TDD/jtenorio_aflores_klobo_digital_design_lab_2024/Laboratorio_2/TDD_P1/ALU_aux.sv Line: 74
Info (12128): Elaborating entity "XOR_op" for hierarchy "alu:alu1|XOR_op:g7" File: C:/Users/tenor/OneDrive/Documentos/Lab1_TDD/jtenorio_aflores_klobo_digital_design_lab_2024/Laboratorio_2/TDD_P1/ALU_aux.sv Line: 87
Info (12128): Elaborating entity "AShiftLeft" for hierarchy "alu:alu1|AShiftLeft:g8" File: C:/Users/tenor/OneDrive/Documentos/Lab1_TDD/jtenorio_aflores_klobo_digital_design_lab_2024/Laboratorio_2/TDD_P1/ALU_aux.sv Line: 94
Info (12128): Elaborating entity "AShiftRight" for hierarchy "alu:alu1|AShiftRight:g9" File: C:/Users/tenor/OneDrive/Documentos/Lab1_TDD/jtenorio_aflores_klobo_digital_design_lab_2024/Laboratorio_2/TDD_P1/ALU_aux.sv Line: 101
Info (12128): Elaborating entity "LShiftLeft" for hierarchy "alu:alu1|LShiftLeft:g10" File: C:/Users/tenor/OneDrive/Documentos/Lab1_TDD/jtenorio_aflores_klobo_digital_design_lab_2024/Laboratorio_2/TDD_P1/ALU_aux.sv Line: 108
Info (12128): Elaborating entity "LShiftRight" for hierarchy "alu:alu1|LShiftRight:g11" File: C:/Users/tenor/OneDrive/Documentos/Lab1_TDD/jtenorio_aflores_klobo_digital_design_lab_2024/Laboratorio_2/TDD_P1/ALU_aux.sv Line: 115
Info (12128): Elaborating entity "MULTIPLICACION_op" for hierarchy "alu:alu1|MULTIPLICACION_op:g15" File: C:/Users/tenor/OneDrive/Documentos/Lab1_TDD/jtenorio_aflores_klobo_digital_design_lab_2024/Laboratorio_2/TDD_P1/ALU_aux.sv Line: 123
Info (12128): Elaborating entity "DIVISION_op" for hierarchy "alu:alu1|DIVISION_op:g16" File: C:/Users/tenor/OneDrive/Documentos/Lab1_TDD/jtenorio_aflores_klobo_digital_design_lab_2024/Laboratorio_2/TDD_P1/ALU_aux.sv Line: 131
Info (12128): Elaborating entity "mux4" for hierarchy "alu:alu1|mux4:g12" File: C:/Users/tenor/OneDrive/Documentos/Lab1_TDD/jtenorio_aflores_klobo_digital_design_lab_2024/Laboratorio_2/TDD_P1/ALU_aux.sv Line: 149
Info (12128): Elaborating entity "flags" for hierarchy "alu:alu1|flags:g13" File: C:/Users/tenor/OneDrive/Documentos/Lab1_TDD/jtenorio_aflores_klobo_digital_design_lab_2024/Laboratorio_2/TDD_P1/ALU_aux.sv Line: 161
Info (12128): Elaborating entity "sieteSeg" for hierarchy "alu:alu1|sieteSeg:g14" File: C:/Users/tenor/OneDrive/Documentos/Lab1_TDD/jtenorio_aflores_klobo_digital_design_lab_2024/Laboratorio_2/TDD_P1/ALU_aux.sv Line: 166
Warning (12241): 4 hierarchies have connectivity warnings - see the Connectivity Checks report folder
Info: Quartus Prime Analysis & Elaboration was successful. 0 errors, 4 warnings
    Info: Peak virtual memory: 4762 megabytes
    Info: Processing ended: Wed Aug 21 15:10:58 2024
    Info: Elapsed time: 00:00:09
    Info: Total CPU time (on all processors): 00:00:15


